<?xml version="1.0" encoding="UTF-8"?>
<testsuite name="CaesarCipherTest" tests="4" skipped="0" failures="0" errors="0" timestamp="2020-09-06T14:56:04" hostname="oduor-lovine-1021" time="0.005">
  <properties/>
  <testcase name="encryptText_instantiatesCorrectly_String" classname="CaesarCipherTest" time="0.002"/>
  <testcase name="encryptText_decipher_String" classname="CaesarCipherTest" time="0.001"/>
  <testcase name="encryptText_key_Integer" classname="CaesarCipherTest" time="0.001"/>
  <testcase name="encryptText_in_StringBuider" classname="CaesarCipherTest" time="0.001"/>
  <system-out><![CDATA[]]></system-out>
  <system-err><![CDATA[]]></system-err>
</testsuite>
